<?xml version="1.0" encoding="UTF-8"?>
<!-- Generated by org.testng.reporters.JUnitReportReporter -->
<testsuite hostname="nataly" name="task1.tests.URLCheck" tests="9" failures="0" timestamp="10 Jun 2017 19:07:24 GMT" time="45.069" errors="0">
  <testcase name="pixelCheck" time="0.001" classname="task1.tests.URLCheck"/>
  <testcase name="urlCheck" time="8.837" classname="task1.tests.URLCheck"/>
  <testcase name="urlCheck" time="9.524" classname="task1.tests.URLCheck"/>
  <testcase name="urlCheckByData" time="7.160" classname="task1.tests.URLCheck"/>
  <testcase name="urlCheck" time="7.219" classname="task1.tests.URLCheck"/>
  <testcase name="pixelCheck" time="0.006" classname="task1.tests.URLCheck"/>
  <testcase name="pixelCheck" time="0.000" classname="task1.tests.URLCheck"/>
  <testcase name="urlCheckByData" time="5.542" classname="task1.tests.URLCheck"/>
  <testcase name="urlCheckByData" time="6.780" classname="task1.tests.URLCheck"/>
</testsuite> <!-- task1.tests.URLCheck -->
