<?xml version="1.0" encoding="UTF-8"?>
<!-- Generated by org.testng.reporters.JUnitReportReporter -->
<testsuite hostname="nataly" name="task1.tests.Auth" tests="1" failures="0" timestamp="13 May 2017 21:16:46 GMT" time="11.073" errors="0">
  <testcase name="successfulAuthorization" time="11.073" classname="task1.tests.Auth"/>
</testsuite> <!-- task1.tests.Auth -->
